The request analysis.setContextRoots failed with the following error:
RequestErrorCode.PLUGIN_ERROR
Failed to read pubspec.yaml at E:\github\cyoap_flutter:
ParsedYamlException: line 60, column 13: Unsupported value for "saf_util". Expected version number after "^" in "^", got "".
   ╷
60 │   saf_util: ^
   │             ^
   ╵
#0      checkedYamlDecode (package:checked_yaml/checked_yaml.dart:47:5)
#1      new Pubspec.parse (package:pubspec_parse/src/pubspec.dart:185:7)
#2      parsePubspec (package:custom_lint_core/src/package_utils.dart:89:18)
<asynchronous suspension>
#3      CustomLintProject.parse (package:custom_lint/src/workspace.dart:918:28)
<asynchronous suspension>
#4      Future.wait.<anonymous closure> (dart:async/future.dart:525:21)
<asynchronous suspension>
#5      CustomLintWorkspace.fromContextRoots (package:custom_lint/src/workspace.dart:515:22)
<asynchronous suspension>
#6      SocketCustomLintServerToClientChannel.create (package:custom_lint/src/v2/server_to_client_channel.dart:54:23)
<asynchronous suspension>
#7      CustomLintServer._maybeSpawnCustomLintPlugin (package:custom_lint/src/v2/custom_lint_analyzer_plugin.dart:360:23)
<asynchronous suspension>
#8      CustomLintServer._handleAnalysisSetContextRoots.<anonymous closure> (package:custom_lint/src/v2/custom_lint_analyzer_plugin.dart:341:9)
<asynchronous suspension>
#9      PendingOperation.run (package:custom_lint/src/async_operation.dart:22:14)
<asynchronous suspension>
#10     CustomLintServer._handleRequest (package:custom_lint/src/v2/custom_lint_analyzer_plugin.dart:173:22)
<asynchronous suspension>

at:
#0      CustomLintProject.parse.<anonymous closure> (package:custom_lint/src/workspace.dart:921:7)
#1      _rootRunBinary (dart:async/zone.dart:1560:47)
#2      _CustomZone.runBinary (dart:async/zone.dart:1436:19)
#3      _FutureListener.handleError (dart:async/future_impl.dart:239:22)
#4      Future._propagateToListeners.handleError (dart:async/future_impl.dart:963:47)
#5      Future._propagateToListeners (dart:async/future_impl.dart:984:13)
#6      Future._completeErrorObject (dart:async/future_impl.dart:741:5)
#7      Future._completeError (dart:async/future_impl.dart:745:5)
<asynchronous suspension>

The request analysis.setSubscriptions failed with the following error:
RequestErrorCode.PLUGIN_ERROR
Failed to read pubspec.yaml at E:\github\cyoap_flutter:
ParsedYamlException: line 60, column 13: Unsupported value for "saf_util". Expected version number after "^" in "^", got "".
   ╷
60 │   saf_util: ^
   │             ^
   ╵
#0      checkedYamlDecode (package:checked_yaml/checked_yaml.dart:47:5)
#1      new Pubspec.parse (package:pubspec_parse/src/pubspec.dart:185:7)
#2      parsePubspec (package:custom_lint_core/src/package_utils.dart:89:18)
<asynchronous suspension>
#3      CustomLintProject.parse (package:custom_lint/src/workspace.dart:918:28)
<asynchronous suspension>
#4      Future.wait.<anonymous closure> (dart:async/future.dart:525:21)
<asynchronous suspension>
#5      CustomLintWorkspace.fromContextRoots (package:custom_lint/src/workspace.dart:515:22)
<asynchronous suspension>
#6      SocketCustomLintServerToClientChannel.create (package:custom_lint/src/v2/server_to_client_channel.dart:54:23)
<asynchronous suspension>
#7      CustomLintServer._maybeSpawnCustomLintPlugin (package:custom_lint/src/v2/custom_lint_analyzer_plugin.dart:360:23)
<asynchronous suspension>
#8      CustomLintServer._handleAnalysisSetContextRoots.<anonymous closure> (package:custom_lint/src/v2/custom_lint_analyzer_plugin.dart:341:9)
<asynchronous suspension>
#9      PendingOperation.run (package:custom_lint/src/async_operation.dart:22:14)
<asynchronous suspension>
#10     CustomLintServer._handleRequest (package:custom_lint/src/v2/custom_lint_analyzer_plugin.dart:173:22)
<asynchronous suspension>

at:
#0      CustomLintProject.parse.<anonymous closure> (package:custom_lint/src/workspace.dart:921:7)
#1      _rootRunBinary (dart:async/zone.dart:1560:47)
#2      _CustomZone.runBinary (dart:async/zone.dart:1436:19)
#3      _FutureListener.handleError (dart:async/future_impl.dart:239:22)
#4      Future._propagateToListeners.handleError (dart:async/future_impl.dart:963:47)
#5      Future._propagateToListeners (dart:async/future_impl.dart:984:13)
#6      Future._completeErrorObject (dart:async/future_impl.dart:741:5)
#7      Future._completeError (dart:async/future_impl.dart:745:5)
<asynchronous suspension>

The request analysis.updateContent failed with the following error:
RequestErrorCode.PLUGIN_ERROR
Failed to read pubspec.yaml at E:\github\cyoap_flutter:
ParsedYamlException: line 60, column 13: Unsupported value for "saf_util". Expected version number after "^" in "^", got "".
   ╷
60 │   saf_util: ^
   │             ^
   ╵
#0      checkedYamlDecode (package:checked_yaml/checked_yaml.dart:47:5)
#1      new Pubspec.parse (package:pubspec_parse/src/pubspec.dart:185:7)
#2      parsePubspec (package:custom_lint_core/src/package_utils.dart:89:18)
<asynchronous suspension>
#3      CustomLintProject.parse (package:custom_lint/src/workspace.dart:918:28)
<asynchronous suspension>
#4      Future.wait.<anonymous closure> (dart:async/future.dart:525:21)
<asynchronous suspension>
#5      CustomLintWorkspace.fromContextRoots (package:custom_lint/src/workspace.dart:515:22)
<asynchronous suspension>
#6      SocketCustomLintServerToClientChannel.create (package:custom_lint/src/v2/server_to_client_channel.dart:54:23)
<asynchronous suspension>
#7      CustomLintServer._maybeSpawnCustomLintPlugin (package:custom_lint/src/v2/custom_lint_analyzer_plugin.dart:360:23)
<asynchronous suspension>
#8      CustomLintServer._handleAnalysisSetContextRoots.<anonymous closure> (package:custom_lint/src/v2/custom_lint_analyzer_plugin.dart:341:9)
<asynchronous suspension>
#9      PendingOperation.run (package:custom_lint/src/async_operation.dart:22:14)
<asynchronous suspension>
#10     CustomLintServer._handleRequest (package:custom_lint/src/v2/custom_lint_analyzer_plugin.dart:173:22)
<asynchronous suspension>

at:
#0      CustomLintProject.parse.<anonymous closure> (package:custom_lint/src/workspace.dart:921:7)
#1      _rootRunBinary (dart:async/zone.dart:1560:47)
#2      _CustomZone.runBinary (dart:async/zone.dart:1436:19)
#3      _FutureListener.handleError (dart:async/future_impl.dart:239:22)
#4      Future._propagateToListeners.handleError (dart:async/future_impl.dart:963:47)
#5      Future._propagateToListeners (dart:async/future_impl.dart:984:13)
#6      Future._completeErrorObject (dart:async/future_impl.dart:741:5)
#7      Future._completeError (dart:async/future_impl.dart:745:5)
<asynchronous suspension>

The request analysis.setPriorityFiles failed with the following error:
RequestErrorCode.PLUGIN_ERROR
Failed to read pubspec.yaml at E:\github\cyoap_flutter:
ParsedYamlException: line 60, column 13: Unsupported value for "saf_util". Expected version number after "^" in "^", got "".
   ╷
60 │   saf_util: ^
   │             ^
   ╵
#0      checkedYamlDecode (package:checked_yaml/checked_yaml.dart:47:5)
#1      new Pubspec.parse (package:pubspec_parse/src/pubspec.dart:185:7)
#2      parsePubspec (package:custom_lint_core/src/package_utils.dart:89:18)
<asynchronous suspension>
#3      CustomLintProject.parse (package:custom_lint/src/workspace.dart:918:28)
<asynchronous suspension>
#4      Future.wait.<anonymous closure> (dart:async/future.dart:525:21)
<asynchronous suspension>
#5      CustomLintWorkspace.fromContextRoots (package:custom_lint/src/workspace.dart:515:22)
<asynchronous suspension>
#6      SocketCustomLintServerToClientChannel.create (package:custom_lint/src/v2/server_to_client_channel.dart:54:23)
<asynchronous suspension>
#7      CustomLintServer._maybeSpawnCustomLintPlugin (package:custom_lint/src/v2/custom_lint_analyzer_plugin.dart:360:23)
<asynchronous suspension>
#8      CustomLintServer._handleAnalysisSetContextRoots.<anonymous closure> (package:custom_lint/src/v2/custom_lint_analyzer_plugin.dart:341:9)
<asynchronous suspension>
#9      PendingOperation.run (package:custom_lint/src/async_operation.dart:22:14)
<asynchronous suspension>
#10     CustomLintServer._handleRequest (package:custom_lint/src/v2/custom_lint_analyzer_plugin.dart:173:22)
<asynchronous suspension>

at:
#0      CustomLintProject.parse.<anonymous closure> (package:custom_lint/src/workspace.dart:921:7)
#1      _rootRunBinary (dart:async/zone.dart:1560:47)
#2      _CustomZone.runBinary (dart:async/zone.dart:1436:19)
#3      _FutureListener.handleError (dart:async/future_impl.dart:239:22)
#4      Future._propagateToListeners.handleError (dart:async/future_impl.dart:963:47)
#5      Future._propagateToListeners (dart:async/future_impl.dart:984:13)
#6      Future._completeErrorObject (dart:async/future_impl.dart:741:5)
#7      Future._completeError (dart:async/future_impl.dart:745:5)
<asynchronous suspension>

The request analysis.updateContent failed with the following error:
RequestErrorCode.PLUGIN_ERROR
Failed to read pubspec.yaml at E:\github\cyoap_flutter:
ParsedYamlException: line 60, column 13: Unsupported value for "saf_util". Expected version number after "^" in "^", got "".
   ╷
60 │   saf_util: ^
   │             ^
   ╵
#0      checkedYamlDecode (package:checked_yaml/checked_yaml.dart:47:5)
#1      new Pubspec.parse (package:pubspec_parse/src/pubspec.dart:185:7)
#2      parsePubspec (package:custom_lint_core/src/package_utils.dart:89:18)
<asynchronous suspension>
#3      CustomLintProject.parse (package:custom_lint/src/workspace.dart:918:28)
<asynchronous suspension>
#4      Future.wait.<anonymous closure> (dart:async/future.dart:525:21)
<asynchronous suspension>
#5      CustomLintWorkspace.fromContextRoots (package:custom_lint/src/workspace.dart:515:22)
<asynchronous suspension>
#6      SocketCustomLintServerToClientChannel.create (package:custom_lint/src/v2/server_to_client_channel.dart:54:23)
<asynchronous suspension>
#7      CustomLintServer._maybeSpawnCustomLintPlugin (package:custom_lint/src/v2/custom_lint_analyzer_plugin.dart:360:23)
<asynchronous suspension>
#8      CustomLintServer._handleAnalysisSetContextRoots.<anonymous closure> (package:custom_lint/src/v2/custom_lint_analyzer_plugin.dart:341:9)
<asynchronous suspension>
#9      PendingOperation.run (package:custom_lint/src/async_operation.dart:22:14)
<asynchronous suspension>
#10     CustomLintServer._handleRequest (package:custom_lint/src/v2/custom_lint_analyzer_plugin.dart:173:22)
<asynchronous suspension>

at:
#0      CustomLintProject.parse.<anonymous closure> (package:custom_lint/src/workspace.dart:921:7)
#1      _rootRunBinary (dart:async/zone.dart:1560:47)
#2      _CustomZone.runBinary (dart:async/zone.dart:1436:19)
#3      _FutureListener.handleError (dart:async/future_impl.dart:239:22)
#4      Future._propagateToListeners.handleError (dart:async/future_impl.dart:963:47)
#5      Future._propagateToListeners (dart:async/future_impl.dart:984:13)
#6      Future._completeErrorObject (dart:async/future_impl.dart:741:5)
#7      Future._completeError (dart:async/future_impl.dart:745:5)
<asynchronous suspension>

