Flutter crash report.
Please report a bug at https://github.com/flutter/flutter/issues.

## command

flutter --no-color run --machine --track-widget-creation --device-id=chrome --start-paused --no-sound-null-safety --dart-define=flutter.inspector.structuredErrors=true lib\main.dart

## exception

StateError: Bad state: No context with the running Dart application.

```
#0      RemoteDebuggerExecutionContext.id (package:dwds/src/debugging/execution_context.dart:55:7)
<asynchronous suspension>
#1      AppInspector._getExtensionRpcs (package:dwds/src/debugging/inspector.dart:538:20)
<asynchronous suspension>
#2      AppInspector._initialize (package:dwds/src/debugging/inspector.dart:97:34)
<asynchronous suspension>
#3      AppInspector.initialize (package:dwds/src/debugging/inspector.dart:160:5)
<asynchronous suspension>
#4      ChromeProxyService.createIsolate (package:dwds/src/services/chrome_proxy_service.dart:216:18)
<asynchronous suspension>
```

## flutter doctor

```
[✓] Flutter (Channel beta, 2.11.0-0.1.pre, on Microsoft Windows [Version 10.0.22000.434], locale ko-KR)
    • Flutter version 2.11.0-0.1.pre at C:\Users\kimjuhwan\Documents\flutter
    • Upstream repository https://github.com/flutter/flutter.git
    • Framework revision b101bfe32f (4 weeks ago), 2022-02-16 07:36:54 -0800
    • Engine revision e355993572
    • Dart version 2.17.0 (build 2.17.0-69.2.beta)
    • DevTools version 2.10.0-dev.1

[✓] Android toolchain - develop for Android devices (Android SDK version 32.0.0)
    • Android SDK at C:\Users\kimjuhwan\AppData\Local\Android\sdk
    • Platform android-32, build-tools 32.0.0
    • Java binary at: C:\Program Files\Android\Android Studio\jre\bin\java
    • Java version OpenJDK Runtime Environment (build 11.0.10+0-b96-7249189)
    • All Android licenses accepted.

[✓] Chrome - develop for the web
    • Chrome at C:\Program Files (x86)\Google\Chrome\Application\chrome.exe

[✓] Visual Studio - develop for Windows (Visual Studio Community 2019 16.11.9)
    • Visual Studio at C:\Program Files (x86)\Microsoft Visual Studio\2019\Community
    • Visual Studio Community 2019 version 16.11.32106.194
    • Windows 10 SDK version 10.0.22000.0

[✓] Android Studio (version 2020.3)
    • Android Studio at C:\Program Files\Android\Android Studio
    • Flutter plugin can be installed from:
      🔨 https://plugins.jetbrains.com/plugin/9212-flutter
    • Dart plugin can be installed from:
      🔨 https://plugins.jetbrains.com/plugin/6351-dart
    • Java version OpenJDK Runtime Environment (build 11.0.10+0-b96-7249189)

[✓] IntelliJ IDEA Ultimate Edition (version 2021.2)
    • IntelliJ at C:\Program Files\JetBrains\IntelliJ IDEA 2021.2.2
    • Flutter plugin version 64.0.3
    • Dart plugin version 212.5632

[✓] IntelliJ IDEA Ultimate Edition (version 2021.3)
    • IntelliJ at C:\Program Files\JetBrains\IntelliJ IDEA 2021.3.2
    • Flutter plugin version 65.2.4
    • Dart plugin version 213.7227

[✓] VS Code (version 1.61.1)
    • VS Code at C:\Users\kimjuhwan\AppData\Local\Programs\Microsoft VS Code
    • Flutter extension can be installed from:
      🔨 https://marketplace.visualstudio.com/items?itemName=Dart-Code.flutter

[✓] Connected device (2 available)
    • Chrome (web) • chrome • web-javascript • Google Chrome 99.0.4844.51
    • Edge (web)   • edge   • web-javascript • Microsoft Edge 99.0.1150.39

[✓] HTTP Host Availability
    • All required HTTP hosts are available

• No issues found!
```
